This is pdfTeX, Version 3.141592653-2.6-1.40.25 (TeX Live 2023/Debian) (preloaded format=pdflatex 2025.6.30)  30 OCT 2025 14:14
entering extended mode
 restricted \write18 enabled.
 file:line:error style messages enabled.
 %&-line parsing enabled.
**/data/Work/plot-tilt-stats/paper/bayes-cycle23-part2.tex
(/data/Work/plot-tilt-stats/paper/bayes-cycle23-part2.tex
LaTeX2e <2023-11-01> patch level 1
L3 programming layer <2024-01-22>
(./spr-sola.cls
Document Class: spr-sola 2024/06/25 v2.02, Springer base document class for "Solar Physics" journal
\@cla=\count187
\@clb=\count188
\id@boxheight=\dimen140
\@temptokenb=\toks17
\cnt@authors=\count189
\cnt@institutes=\count190
\@abstractbox=\box51
\mottobox=\box52
\c@article=\count191
\stretchtabsep=\skip48
\maxfloatwidth=\dimen141
\figtabbox=\box53
\floatindent=\dimen142
\@tabskip=\dimen143
\captionskip=\dimen144
\@tabwidth=\dimen145
\captionindent=\dimen146
\@floatcaption=\toks18
\abovecaptionskip=\skip49
\belowcaptionskip=\skip50
\c@table=\count192
\c@tabnote=\count193
\c@figure=\count194
\c@algorithm=\count195
\rotdimen=\dimen147
\bibhang=\skip51
Springer -- Named references
\c@section=\count196
\c@subsection=\count197
\c@subsubsection=\count198
\c@paragraph=\count199
\c@subparagraph=\count266
(/usr/share/texlive/texmf-dist/tex/generic/iftex/ifpdf.sty
Package: ifpdf 2019/10/25 v3.4 ifpdf legacy package. Use iftex instead.
 (/usr/share/texlive/texmf-dist/tex/generic/iftex/iftex.sty
Package: iftex 2022/02/03 v1.0f TeX engine tests
)) (/usr/share/texlive/texmf-dist/tex/latex/graphics/keyval.sty
Package: keyval 2022/05/29 v1.15 key=value parser (DPC)
\KV@toks@=\toks19
) (/usr/share/texlive/texmf-dist/tex/latex/marvosym/marvosym.sty
Package: marvosym 2011/07/20 v2.2 Martin Vogel's Symbols font definitions
)
\c@affref=\count267
\corref@authors@list=\toks20
\email@authors@list=\toks21
\adresses@list=\toks22
\pseudo@@env@@cnt=\count268
\document@abstract=\toks23
 (/usr/share/texlive/texmf-dist/tex/latex/hyperref/hyperref.sty
Package: hyperref 2024-01-20 v7.01h Hypertext links for LaTeX
 (/usr/share/texlive/texmf-dist/tex/latex/kvsetkeys/kvsetkeys.sty
Package: kvsetkeys 2022-10-05 v1.19 Key value parser (HO)
) (/usr/share/texlive/texmf-dist/tex/generic/kvdefinekeys/kvdefinekeys.sty
Package: kvdefinekeys 2019-12-19 v1.6 Define keys (HO)
) (/usr/share/texlive/texmf-dist/tex/generic/pdfescape/pdfescape.sty
Package: pdfescape 2019/12/09 v1.15 Implements pdfTeX's escape features (HO)
 (/usr/share/texlive/texmf-dist/tex/generic/ltxcmds/ltxcmds.sty
Package: ltxcmds 2023-12-04 v1.26 LaTeX kernel commands for general use (HO)
) (/usr/share/texlive/texmf-dist/tex/generic/pdftexcmds/pdftexcmds.sty
Package: pdftexcmds 2020-06-27 v0.33 Utility functions of pdfTeX for LuaTeX (HO)
 (/usr/share/texlive/texmf-dist/tex/generic/infwarerr/infwarerr.sty
Package: infwarerr 2019/12/03 v1.5 Providing info/warning/error messages (HO)
)
Package pdftexcmds Info: \pdf@primitive is available.
Package pdftexcmds Info: \pdf@ifprimitive is available.
Package pdftexcmds Info: \pdfdraftmode found.
)) (/usr/share/texlive/texmf-dist/tex/latex/hycolor/hycolor.sty
Package: hycolor 2020-01-27 v1.10 Color options for hyperref/bookmark (HO)
) (/usr/share/texlive/texmf-dist/tex/latex/auxhook/auxhook.sty
Package: auxhook 2019-12-17 v1.6 Hooks for auxiliary files (HO)
) (/usr/share/texlive/texmf-dist/tex/latex/hyperref/nameref.sty
Package: nameref 2023-11-26 v2.56 Cross-referencing by name of section
 (/usr/share/texlive/texmf-dist/tex/latex/refcount/refcount.sty
Package: refcount 2019/12/15 v3.6 Data extraction from label references (HO)
) (/usr/share/texlive/texmf-dist/tex/generic/gettitlestring/gettitlestring.sty
Package: gettitlestring 2019/12/15 v1.6 Cleanup title references (HO)
 (/usr/share/texlive/texmf-dist/tex/latex/kvoptions/kvoptions.sty
Package: kvoptions 2022-06-15 v3.15 Key value format for package options (HO)
))
\c@section@level=\count269
) (/usr/share/texlive/texmf-dist/tex/latex/etoolbox/etoolbox.sty
Package: etoolbox 2020/10/05 v2.5k e-TeX tools for LaTeX (JAW)
\etb@tempcnta=\count270
)
\@linkdim=\dimen148
\Hy@linkcounter=\count271
\Hy@pagecounter=\count272
 (/usr/share/texlive/texmf-dist/tex/latex/hyperref/pd1enc.def
File: pd1enc.def 2024-01-20 v7.01h Hyperref: PDFDocEncoding definition (HO)
Now handling font encoding PD1 ...
... no UTF-8 mapping file for font encoding PD1
) (/usr/share/texlive/texmf-dist/tex/generic/intcalc/intcalc.sty
Package: intcalc 2019/12/15 v1.3 Expandable calculations with integers (HO)
)
\Hy@SavedSpaceFactor=\count273
 (/usr/share/texlive/texmf-dist/tex/latex/hyperref/puenc.def
File: puenc.def 2024-01-20 v7.01h Hyperref: PDF Unicode definition (HO)
Now handling font encoding PU ...
... no UTF-8 mapping file for font encoding PU
)
Package hyperref Info: Option `colorlinks' set `true' on input line 4062.
Package hyperref Info: Option `breaklinks' set `true' on input line 4062.
Package hyperref Info: Hyper figures OFF on input line 4179.
Package hyperref Info: Link nesting OFF on input line 4184.
Package hyperref Info: Hyper index ON on input line 4187.
Package hyperref Info: Plain pages OFF on input line 4194.
Package hyperref Info: Backreferencing OFF on input line 4199.
Package hyperref Info: Implicit mode ON; LaTeX internals redefined.
Package hyperref Info: Bookmarks ON on input line 4446.
\c@Hy@tempcnt=\count274
 (/usr/share/texlive/texmf-dist/tex/latex/url/url.sty
\Urlmuskip=\muskip16
Package: url 2013/09/16  ver 3.4  Verb mode for urls, etc.
)
LaTeX Info: Redefining \url on input line 4784.
\XeTeXLinkMargin=\dimen149
 (/usr/share/texlive/texmf-dist/tex/generic/bitset/bitset.sty
Package: bitset 2019/12/09 v1.3 Handle bit-vector datatype (HO)
 (/usr/share/texlive/texmf-dist/tex/generic/bigintcalc/bigintcalc.sty
Package: bigintcalc 2019/12/15 v1.5 Expandable calculations on big integers (HO)
))
\Fld@menulength=\count275
\Field@Width=\dimen150
\Fld@charsize=\dimen151
Package hyperref Info: Hyper figures OFF on input line 6063.
Package hyperref Info: Link nesting OFF on input line 6068.
Package hyperref Info: Hyper index ON on input line 6071.
Package hyperref Info: backreferencing OFF on input line 6078.
Package hyperref Info: Link coloring ON on input line 6081.
Package hyperref Info: Link coloring with OCG OFF on input line 6088.
Package hyperref Info: PDF/A mode OFF on input line 6093.
 (/usr/share/texlive/texmf-dist/tex/latex/base/atbegshi-ltx.sty
Package: atbegshi-ltx 2021/01/10 v1.0c Emulation of the original atbegshi
package with kernel methods
)
\Hy@abspage=\count276
\c@Item=\count277
\c@Hfootnote=\count278
)
Package hyperref Info: Driver (autodetected): hpdftex.
 (/usr/share/texlive/texmf-dist/tex/latex/hyperref/hpdftex.def
File: hpdftex.def 2024-01-20 v7.01h Hyperref driver for pdfTeX
 (/usr/share/texlive/texmf-dist/tex/latex/base/atveryend-ltx.sty
Package: atveryend-ltx 2020/08/19 v1.0a Emulation of the original atveryend package
with kernel methods
)
\Fld@listcount=\count279
\c@bookmark@seq@number=\count280
 (/usr/share/texlive/texmf-dist/tex/latex/rerunfilecheck/rerunfilecheck.sty
Package: rerunfilecheck 2022-07-10 v1.10 Rerun checks for auxiliary files (HO)
 (/usr/share/texlive/texmf-dist/tex/generic/uniquecounter/uniquecounter.sty
Package: uniquecounter 2019/12/15 v1.4 Provide unlimited unique counter (HO)
)
Package uniquecounter Info: New unique counter `rerunfilecheck' on input line 285.
)
\Hy@SectionHShift=\skip52
) (/usr/share/texlive/texmf-dist/tex/latex/natbib/natbib.sty
Package: natbib 2010/09/13 8.31b (PWD, AO)
\bibhang=\skip53
\bibsep=\skip54
LaTeX Info: Redefining \cite on input line 694.
\c@NAT@ctr=\count281
)
\c@start=\count282
\c@heading=\count283
\c@subheading=\count284
) (/usr/share/texlive/texmf-dist/tex/latex/graphics/graphicx.sty
Package: graphicx 2021/09/16 v1.2d Enhanced LaTeX Graphics (DPC,SPQR)
 (/usr/share/texlive/texmf-dist/tex/latex/graphics/graphics.sty
Package: graphics 2022/03/10 v1.4e Standard LaTeX Graphics (DPC,SPQR)
 (/usr/share/texlive/texmf-dist/tex/latex/graphics/trig.sty
Package: trig 2021/08/11 v1.11 sin cos tan (DPC)
) (/usr/share/texlive/texmf-dist/tex/latex/graphics-cfg/graphics.cfg
File: graphics.cfg 2016/06/04 v1.11 sample graphics configuration
)
Package graphics Info: Driver file: pdftex.def on input line 107.
 (/usr/share/texlive/texmf-dist/tex/latex/graphics-def/pdftex.def
File: pdftex.def 2022/09/22 v1.2b Graphics/color driver for pdftex
))
\Gin@req@height=\dimen152
\Gin@req@width=\dimen153
) (/usr/share/texlive/texmf-dist/tex/latex/xcolor/xcolor.sty
Package: xcolor 2023/11/15 v3.01 LaTeX color extensions (UK)
 (/usr/share/texlive/texmf-dist/tex/latex/graphics-cfg/color.cfg
File: color.cfg 2016/01/02 v1.6 sample color configuration
)

Package xcolor Warning: Package option `hyperref' is obsolete and ignored on input line 266.

Package xcolor Info: Driver file: pdftex.def on input line 274.
(/usr/share/texlive/texmf-dist/tex/latex/graphics/mathcolor.ltx)
Package xcolor Info: Model `cmy' substituted by `cmy0' on input line 1350.
Package xcolor Info: Model `hsb' substituted by `rgb' on input line 1354.
Package xcolor Info: Model `RGB' extended on input line 1366.
Package xcolor Info: Model `HTML' substituted by `rgb' on input line 1368.
Package xcolor Info: Model `Hsb' substituted by `hsb' on input line 1369.
Package xcolor Info: Model `tHsb' substituted by `hsb' on input line 1370.
Package xcolor Info: Model `HSB' substituted by `hsb' on input line 1371.
Package xcolor Info: Model `Gray' substituted by `gray' on input line 1372.
Package xcolor Info: Model `wave' substituted by `hsb' on input line 1373.
) (/usr/share/texlive/texmf-dist/tex/latex/graphics/dvipsnam.def
File: dvipsnam.def 2016/06/17 v3.0m Driver-dependent file (DPC,SPQR)
) (/usr/share/texlive/texmf-dist/tex/latex/l3backend/l3backend-pdftex.def
File: l3backend-pdftex.def 2024-01-04 L3 backend support: PDF output (pdfTeX)
\l__color_backend_stack_int=\count285
\l__pdf_internal_box=\box54
) (./bayes-cycle23-part2.aux

LaTeX Warning: Label `fig:alpha-lat' multiply defined.

)
\openout1 = `bayes-cycle23-part2.aux'.

LaTeX Font Info:    Checking defaults for OML/cmm/m/it on input line 78.
LaTeX Font Info:    ... okay on input line 78.
LaTeX Font Info:    Checking defaults for OMS/cmsy/m/n on input line 78.
LaTeX Font Info:    ... okay on input line 78.
LaTeX Font Info:    Checking defaults for OT1/cmr/m/n on input line 78.
LaTeX Font Info:    ... okay on input line 78.
LaTeX Font Info:    Checking defaults for T1/cmr/m/n on input line 78.
LaTeX Font Info:    ... okay on input line 78.
LaTeX Font Info:    Checking defaults for TS1/cmr/m/n on input line 78.
LaTeX Font Info:    ... okay on input line 78.
LaTeX Font Info:    Checking defaults for OMX/cmex/m/n on input line 78.
LaTeX Font Info:    ... okay on input line 78.
LaTeX Font Info:    Checking defaults for U/cmr/m/n on input line 78.
LaTeX Font Info:    ... okay on input line 78.
LaTeX Font Info:    Checking defaults for PD1/pdf/m/n on input line 78.
LaTeX Font Info:    ... okay on input line 78.
LaTeX Font Info:    Checking defaults for PU/pdf/m/n on input line 78.
LaTeX Font Info:    ... okay on input line 78.
Package hyperref Info: Link coloring ON on input line 78.
 (./bayes-cycle23-part2.out) (./bayes-cycle23-part2.out)
\@outlinefile=\write3
\openout3 = `bayes-cycle23-part2.out'.

 (/usr/share/texlive/texmf-dist/tex/context/base/mkii/supp-pdf.mkii
[Loading MPS to PDF converter (version 2006.09.02).]
\scratchcounter=\count286
\scratchdimen=\dimen154
\scratchbox=\box55
\nofMPsegments=\count287
\nofMParguments=\count288
\everyMPshowfont=\toks24
\MPscratchCnt=\count289
\MPscratchDim=\dimen155
\MPnumerator=\count290
\makeMPintoPDFobject=\count291
\everyMPtoPDFconversion=\toks25
) (/usr/share/texlive/texmf-dist/tex/latex/epstopdf-pkg/epstopdf-base.sty
Package: epstopdf-base 2020-01-24 v2.11 Base part for package epstopdf
Package epstopdf-base Info: Redefining graphics rule for `.eps' on input line 485.
 (/usr/share/texlive/texmf-dist/tex/latex/latexconfig/epstopdf-sys.cfg
File: epstopdf-sys.cfg 2010/07/13 v1.3 Configuration of (r)epstopdf for TeX Live
))

LaTeX Font Warning: Font shape `OT1/cmr/m/n' in size <13> not available
(Font)              size <12> substituted on input line 105.


LaTeX Font Warning: Font shape `OT1/cmr/bx/n' in size <13> not available
(Font)              size <12> substituted on input line 105.

LaTeX Font Info:    External font `cmex10' loaded for size
(Font)              <7> on input line 105.
LaTeX Font Info:    External font `cmex10' loaded for size
(Font)              <5> on input line 105.
LaTeX Font Info:    External font `cmex10' loaded for size
(Font)              <8> on input line 105.
LaTeX Font Info:    External font `cmex10' loaded for size
(Font)              <6> on input line 105.
Keywords [1{/var/lib/texmf/fonts/map/pdftex/updmap/pdftex.map}{/usr/share/texmf/fonts/enc/dvips/cm-super/cm-super-ts1.enc}] [2]
<./plots/butterfly.pdf, id=108, 578.16pt x 578.16pt>
File: ./plots/butterfly.pdf Graphic file (type pdf)
<use ./plots/butterfly.pdf>
Package pdftex.def Info: ./plots/butterfly.pdf  used on input line 138.
(pdftex.def)             Requested size: 312.29788pt x 312.29878pt.
 Figure 1 [3]
<./plots/diagram.pdf, id=128, 366.8992pt x 244.67682pt>
File: ./plots/diagram.pdf Graphic file (type pdf)
<use ./plots/diagram.pdf>
Package pdftex.def Info: ./plots/diagram.pdf  used on input line 167.
(pdftex.def)             Requested size: 312.29788pt x 208.27493pt.
 Figure 2 [4 <./plots/butterfly.pdf>] [5 <./plots/diagram.pdf>]
<./plots/9290-example.pdf, id=706, 843.60544pt x 765.483pt>
File: ./plots/9290-example.pdf Graphic file (type pdf)
<use ./plots/9290-example.pdf>
Package pdftex.def Info: ./plots/9290-example.pdf  used on input line 204.
(pdftex.def)             Requested size: 312.29788pt x 283.37611pt.
 Figure 3 [6] [7 <./plots/9290-example.pdf>]
<./plots/9290-tilt.pdf, id=776, 867.24pt x 361.35pt>
File: ./plots/9290-tilt.pdf Graphic file (type pdf)
<use ./plots/9290-tilt.pdf>
Package pdftex.def Info: ./plots/9290-tilt.pdf  used on input line 223.
(pdftex.def)             Requested size: 343.5319pt x 143.13695pt.
 Figure 4
<./plots/flux-all.pdf, id=780, 867.24pt x 361.35pt>
File: ./plots/flux-all.pdf Graphic file (type pdf)
<use ./plots/flux-all.pdf>
Package pdftex.def Info: ./plots/flux-all.pdf  used on input line 238.
(pdftex.def)             Requested size: 343.5319pt x 143.13695pt.
 Figure 5 [8 <./plots/9290-tilt.pdf>]
<./plots/alpha-alpha.pdf, id=2207, 576.93007pt x 389.49641pt>
File: ./plots/alpha-alpha.pdf Graphic file (type pdf)
<use ./plots/alpha-alpha.pdf>
Package pdftex.def Info: ./plots/alpha-alpha.pdf  used on input line 251.
(pdftex.def)             Requested size: 343.5319pt x 231.92856pt.
 Figure 6
<./plots/alpha-err.pdf, id=2209, 867.24pt x 361.35pt>
File: ./plots/alpha-err.pdf Graphic file (type pdf)
<use ./plots/alpha-err.pdf>
Package pdftex.def Info: ./plots/alpha-err.pdf  used on input line 257.
(pdftex.def)             Requested size: 343.5319pt x 143.13695pt.
 Figure 7 [9 <./plots/flux-all.pdf>] [10 <./plots/alpha-alpha.pdf> <./plots/alpha-err.pdf>]
<./plots/alpha-vs-t_norm.pdf, id=2388, 1300.86pt x 361.35pt>
File: ./plots/alpha-vs-t_norm.pdf Graphic file (type pdf)
<use ./plots/alpha-vs-t_norm.pdf>
Package pdftex.def Info: ./plots/alpha-vs-t_norm.pdf  used on input line 272.
(pdftex.def)             Requested size: 343.5319pt x 95.42647pt.
<./plots/gamma-vs-t_norm.pdf, id=2390, 1300.86pt x 361.35pt>
File: ./plots/gamma-vs-t_norm.pdf Graphic file (type pdf)
<use ./plots/gamma-vs-t_norm.pdf>
Package pdftex.def Info: ./plots/gamma-vs-t_norm.pdf  used on input line 273.
(pdftex.def)             Requested size: 343.5319pt x 95.42647pt.
 Figure 8 [11]
<./plots/hist_cumrot.pdf, id=2399, 1300.86pt x 361.35pt>
File: ./plots/hist_cumrot.pdf Graphic file (type pdf)
<use ./plots/hist_cumrot.pdf>
Package pdftex.def Info: ./plots/hist_cumrot.pdf  used on input line 291.
(pdftex.def)             Requested size: 343.5319pt x 95.42647pt.
 Figure 9 [12 <./plots/alpha-vs-t_norm.pdf> <./plots/gamma-vs-t_norm.pdf> <./plots/hist_cumrot.pdf>]
<./plots/alpha-vs-t_norm-by-lat.pdf, id=2607, 1300.86pt x 1084.05pt>
File: ./plots/alpha-vs-t_norm-by-lat.pdf Graphic file (type pdf)
<use ./plots/alpha-vs-t_norm-by-lat.pdf>
Package pdftex.def Info: ./plots/alpha-vs-t_norm-by-lat.pdf  used on input line 306.
(pdftex.def)             Requested size: 343.5319pt x 286.2794pt.
 Figure 10
<./plots/alpha-vs-lat-by-tnorm.pdf, id=2609, 794.97pt x 578.16pt>
File: ./plots/alpha-vs-lat-by-tnorm.pdf Graphic file (type pdf)
<use ./plots/alpha-vs-lat-by-tnorm.pdf>
Package pdftex.def Info: ./plots/alpha-vs-lat-by-tnorm.pdf  used on input line 312.
(pdftex.def)             Requested size: 343.5319pt x 249.84785pt.
 Figure 11 Table 1
<./plots/alpha-vs-lat-by-flux.pdf, id=2611, 794.97pt x 361.35pt>
File: ./plots/alpha-vs-lat-by-flux.pdf Graphic file (type pdf)
<use ./plots/alpha-vs-lat-by-flux.pdf>
Package pdftex.def Info: ./plots/alpha-vs-lat-by-flux.pdf  used on input line 334.
(pdftex.def)             Requested size: 343.5319pt x 156.1549pt.
 Figure 12 Table 2
Underfull \vbox (badness 10000) has occurred while \output is active []

 [13 <./plots/alpha-vs-t_norm-by-lat.pdf>] [14 <./plots/alpha-vs-lat-by-tnorm.pdf> <./plots/alpha-vs-lat-by-flux.pdf>] [15] (./bayes-cycle23-part2.bbl [16]) [17] (./bayes-cycle23-part2.aux)
 ***********
LaTeX2e <2023-11-01> patch level 1
L3 programming layer <2024-01-22>
 ***********


LaTeX Font Warning: Size substitutions with differences
(Font)              up to 1.0pt have occurred.


LaTeX Warning: There were multiply-defined labels.

Package rerunfilecheck Info: File `bayes-cycle23-part2.out' has not changed.
(rerunfilecheck)             Checksum: 13CF6534866C36D20FB85F836DEA18FC;2030.
 ) 
Here is how much of TeX's memory you used:
 10441 strings out of 474222
 158405 string characters out of 5748733
 1937975 words of memory out of 5000000
 32528 multiletter control sequences out of 15000+600000
 563565 words of font info for 54 fonts, out of 8000000 for 9000
 1146 hyphenation exceptions out of 8191
 90i,13n,93p,1290b,661s stack positions out of 10000i,1000n,20000p,200000b,200000s
</usr/share/texlive/texmf-dist/fonts/type1/public/amsfonts/cm/cmbx10.pfb></usr/share/texlive/texmf-dist/fonts/type1/public/amsfonts/cm/cmbx12.pfb></usr/share/texlive/texmf-dist/fonts/type1/public/amsfonts/cm/cmbx7.pfb></usr/share/texlive/texmf-dist/fonts/type1/public/amsfonts/cm/cmbx8.pfb></usr/share/texlive/texmf-dist/fonts/type1/public/amsfonts/cm/cmex10.pfb></usr/share/texlive/texmf-dist/fonts/type1/public/amsfonts/cm/cmmi10.pfb></usr/share/texlive/texmf-dist/fonts/type1/public/amsfonts/cm/cmmi6.pfb></usr/share/texlive/texmf-dist/fonts/type1/public/amsfonts/cm/cmmi7.pfb></usr/share/texlive/texmf-dist/fonts/type1/public/amsfonts/cm/cmmi8.pfb></usr/share/texlive/texmf-dist/fonts/type1/public/amsfonts/cm/cmr10.pfb></usr/share/texlive/texmf-dist/fonts/type1/public/amsfonts/cm/cmr5.pfb></usr/share/texlive/texmf-dist/fonts/type1/public/amsfonts/cm/cmr6.pfb></usr/share/texlive/texmf-dist/fonts/type1/public/amsfonts/cm/cmr7.pfb></usr/share/texlive/texmf-dist/fonts/type1/public/amsfonts/cm/cmr8.pfb></usr/share/texlive/texmf-dist/fonts/type1/public/amsfonts/cm/cmsy10.pfb></usr/share/texlive/texmf-dist/fonts/type1/public/amsfonts/cm/cmsy6.pfb></usr/share/texlive/texmf-dist/fonts/type1/public/amsfonts/cm/cmsy7.pfb></usr/share/texlive/texmf-dist/fonts/type1/public/amsfonts/cm/cmsy8.pfb></usr/share/texlive/texmf-dist/fonts/type1/public/amsfonts/cm/cmti8.pfb></usr/share/texlive/texmf-dist/fonts/type1/public/amsfonts/cm/cmtt8.pfb></usr/share/texmf/fonts/type1/public/cm-super/sfbx0800.pfb></usr/share/texmf/fonts/type1/public/cm-super/sfrm0800.pfb></usr/share/texmf/fonts/type1/public/cm-super/sfrm1000.pfb>
Output written on bayes-cycle23-part2.pdf (17 pages, 1870305 bytes).
PDF statistics:
 2995 PDF objects out of 3580 (max. 8388607)
 1746 compressed objects within 18 object streams
 67 named destinations out of 1000 (max. 500000)
 232 words of extra memory for PDF output out of 10000 (max. 10000000)

